Determining if the pthread_create exist failed with the following output:
Change Dir: /home/ubuntu/jelena-rtech/catkin_ws/src/beginner_tutorials/build/CMakeFiles/CMakeTmp

Run Build Command:"/usr/bin/make" "cmTC_cf03e/fast"
/usr/bin/make -f CMakeFiles/cmTC_cf03e.dir/build.make CMakeFiles/cmTC_cf03e.dir/build
make[1]: Entering directory '/home/ubuntu/jelena-rtech/catkin_ws/src/beginner_tutorials/build/CMakeFiles/CMakeTmp'
Building C object CMakeFiles/cmTC_cf03e.dir/CheckSymbolExists.c.o
/usr/bin/cc     -o CMakeFiles/cmTC_cf03e.dir/CheckSymbolExists.c.o   -c /home/ubuntu/jelena-rtech/catkin_ws/src/beginner_tutorials/build/CMakeFiles/CMakeTmp/CheckSymbolExists.c
Linking C executable cmTC_cf03e
/usr/bin/cmake -E cmake_link_script CMakeFiles/cmTC_cf03e.dir/link.txt --verbose=1
/usr/bin/cc       CMakeFiles/cmTC_cf03e.dir/CheckSymbolExists.c.o  -o cmTC_cf03e -rdynamic 
CMakeFiles/cmTC_cf03e.dir/CheckSymbolExists.c.o: In function `main':
CheckSymbolExists.c:(.text+0x16): undefined reference to `pthread_create'
collect2: error: ld returned 1 exit status
CMakeFiles/cmTC_cf03e.dir/build.make:97: recipe for target 'cmTC_cf03e' failed
make[1]: *** [cmTC_cf03e] Error 1
make[1]: Leaving directory '/home/ubuntu/jelena-rtech/catkin_ws/src/beginner_tutorials/build/CMakeFiles/CMakeTmp'
Makefile:126: recipe for target 'cmTC_cf03e/fast' failed
make: *** [cmTC_cf03e/fast] Error 2

File /home/ubuntu/jelena-rtech/catkin_ws/src/beginner_tutorials/build/CMakeFiles/CMakeTmp/CheckSymbolExists.c:
/* */
#include <pthread.h>

int main(int argc, char** argv)
{
  (void)argv;
#ifndef pthread_create
  return ((int*)(&pthread_create))[argc];
#else
  (void)argc;
  return 0;
#endif
}

Determining if the function pthread_create exists in the pthreads failed with the following output:
Change Dir: /home/ubuntu/jelena-rtech/catkin_ws/src/beginner_tutorials/build/CMakeFiles/CMakeTmp

Run Build Command:"/usr/bin/make" "cmTC_22a05/fast"
/usr/bin/make -f CMakeFiles/cmTC_22a05.dir/build.make CMakeFiles/cmTC_22a05.dir/build
make[1]: Entering directory '/home/ubuntu/jelena-rtech/catkin_ws/src/beginner_tutorials/build/CMakeFiles/CMakeTmp'
Building C object CMakeFiles/cmTC_22a05.dir/CheckFunctionExists.c.o
/usr/bin/cc    -DCHECK_FUNCTION_EXISTS=pthread_create   -o CMakeFiles/cmTC_22a05.dir/CheckFunctionExists.c.o   -c /usr/share/cmake-3.5/Modules/CheckFunctionExists.c
Linking C executable cmTC_22a05
/usr/bin/cmake -E cmake_link_script CMakeFiles/cmTC_22a05.dir/link.txt --verbose=1
/usr/bin/cc   -DCHECK_FUNCTION_EXISTS=pthread_create    CMakeFiles/cmTC_22a05.dir/CheckFunctionExists.c.o  -o cmTC_22a05 -rdynamic -lpthreads 
/usr/bin/ld: cannot find -lpthreads
collect2: error: ld returned 1 exit status
CMakeFiles/cmTC_22a05.dir/build.make:97: recipe for target 'cmTC_22a05' failed
make[1]: *** [cmTC_22a05] Error 1
make[1]: Leaving directory '/home/ubuntu/jelena-rtech/catkin_ws/src/beginner_tutorials/build/CMakeFiles/CMakeTmp'
Makefile:126: recipe for target 'cmTC_22a05/fast' failed
make: *** [cmTC_22a05/fast] Error 2


