Determining if the pthread_create exist failed with the following output:
Change Dir: /home/ubuntu/jelena-rtech/build/CMakeFiles/CMakeTmp

Run Build Command:"/usr/bin/make" "cmTC_52976/fast"
/usr/bin/make -f CMakeFiles/cmTC_52976.dir/build.make CMakeFiles/cmTC_52976.dir/build
make[1]: Entering directory '/home/ubuntu/jelena-rtech/build/CMakeFiles/CMakeTmp'
Building C object CMakeFiles/cmTC_52976.dir/CheckSymbolExists.c.o
/usr/bin/cc     -o CMakeFiles/cmTC_52976.dir/CheckSymbolExists.c.o   -c /home/ubuntu/jelena-rtech/build/CMakeFiles/CMakeTmp/CheckSymbolExists.c
Linking C executable cmTC_52976
/usr/bin/cmake -E cmake_link_script CMakeFiles/cmTC_52976.dir/link.txt --verbose=1
/usr/bin/cc       CMakeFiles/cmTC_52976.dir/CheckSymbolExists.c.o  -o cmTC_52976 -rdynamic 
CMakeFiles/cmTC_52976.dir/CheckSymbolExists.c.o: In function `main':
CheckSymbolExists.c:(.text+0x16): undefined reference to `pthread_create'
collect2: error: ld returned 1 exit status
CMakeFiles/cmTC_52976.dir/build.make:97: recipe for target 'cmTC_52976' failed
make[1]: *** [cmTC_52976] Error 1
make[1]: Leaving directory '/home/ubuntu/jelena-rtech/build/CMakeFiles/CMakeTmp'
Makefile:126: recipe for target 'cmTC_52976/fast' failed
make: *** [cmTC_52976/fast] Error 2

File /home/ubuntu/jelena-rtech/build/CMakeFiles/CMakeTmp/CheckSymbolExists.c:
/* */
#include <pthread.h>

int main(int argc, char** argv)
{
  (void)argv;
#ifndef pthread_create
  return ((int*)(&pthread_create))[argc];
#else
  (void)argc;
  return 0;
#endif
}

Determining if the function pthread_create exists in the pthreads failed with the following output:
Change Dir: /home/ubuntu/jelena-rtech/build/CMakeFiles/CMakeTmp

Run Build Command:"/usr/bin/make" "cmTC_b1916/fast"
/usr/bin/make -f CMakeFiles/cmTC_b1916.dir/build.make CMakeFiles/cmTC_b1916.dir/build
make[1]: Entering directory '/home/ubuntu/jelena-rtech/build/CMakeFiles/CMakeTmp'
Building C object CMakeFiles/cmTC_b1916.dir/CheckFunctionExists.c.o
/usr/bin/cc    -DCHECK_FUNCTION_EXISTS=pthread_create   -o CMakeFiles/cmTC_b1916.dir/CheckFunctionExists.c.o   -c /usr/share/cmake-3.5/Modules/CheckFunctionExists.c
Linking C executable cmTC_b1916
/usr/bin/cmake -E cmake_link_script CMakeFiles/cmTC_b1916.dir/link.txt --verbose=1
/usr/bin/cc   -DCHECK_FUNCTION_EXISTS=pthread_create    CMakeFiles/cmTC_b1916.dir/CheckFunctionExists.c.o  -o cmTC_b1916 -rdynamic -lpthreads 
/usr/bin/ld: cannot find -lpthreads
collect2: error: ld returned 1 exit status
CMakeFiles/cmTC_b1916.dir/build.make:97: recipe for target 'cmTC_b1916' failed
make[1]: *** [cmTC_b1916] Error 1
make[1]: Leaving directory '/home/ubuntu/jelena-rtech/build/CMakeFiles/CMakeTmp'
Makefile:126: recipe for target 'cmTC_b1916/fast' failed
make: *** [cmTC_b1916/fast] Error 2


